build/app/intermediates/manifest_merge_blame_file/debug/manifest-merger-blame-debug-report.txt
1<?xml version="1.0" encoding="utf-8"?>
2<manifest xmlns:android="http://schemas.android.com/apk/res/android"
3    package="com.example.food_app_flutter"
4    android:versionCode="1"
5    android:versionName="1.0.0" >
6
7    <uses-sdk
8        android:minSdkVersion="21"
9        android:targetSdkVersion="34" />
10    <!--
11         The INTERNET permission is required for development. Specifically,
12         the Flutter tool needs it to communicate with the running application
13         to allow setting breakpoints, to provide hot reload, etc.
14    -->
15    <uses-permission android:name="android.permission.INTERNET" />
15-->src\main\AndroidManifest.xml:39:5-66
15-->src\main\AndroidManifest.xml:39:22-64
16    <uses-permission
16-->src\main\AndroidManifest.xml:40:5-41:47
17        android:name="android.permission.READ_EXTERNAL_STORAGE"
17-->src\main\AndroidManifest.xml:40:22-77
18        android:maxSdkVersion="29" /> <!-- Gal: For supporting API <= 29 :Gal -->
18-->src\main\AndroidManifest.xml:41:18-44
19    <uses-permission
19-->src\main\AndroidManifest.xml:44:5-45:47
20        android:name="android.permission.WRITE_EXTERNAL_STORAGE"
20-->src\main\AndroidManifest.xml:44:22-78
21        android:maxSdkVersion="28" />
21-->src\main\AndroidManifest.xml:45:18-44
22
23    <queries>
23-->src\main\AndroidManifest.xml:46:5-51:15
24        <intent>
24-->src\main\AndroidManifest.xml:47:9-50:18
25            <action android:name="android.intent.action.PROCESS_TEXT" />
25-->src\main\AndroidManifest.xml:48:13-72
25-->src\main\AndroidManifest.xml:48:21-70
26
27            <data android:mimeType="text/plain" />
27-->src\main\AndroidManifest.xml:49:13-50
27-->src\main\AndroidManifest.xml:49:19-48
28        </intent>
29    </queries>
30
31    <uses-feature android:name="android.hardware.camera.any" />
31-->[:camera_android_camerax] AndroidManifest.xml:7:5-64
31-->[:camera_android_camerax] AndroidManifest.xml:7:19-61
32
33    <uses-permission android:name="android.permission.CAMERA" />
33-->[:camera_android_camerax] AndroidManifest.xml:9:5-65
33-->[:camera_android_camerax] AndroidManifest.xml:9:22-62
34    <uses-permission android:name="android.permission.RECORD_AUDIO" />
34-->[:camera_android_camerax] AndroidManifest.xml:10:5-71
34-->[:camera_android_camerax] AndroidManifest.xml:10:22-68
35
36    <permission
36-->[androidx.core:core:1.13.1] AndroidManifest.xml:22:5-24:47
37        android:name="com.example.food_app_flutter.DYNAMIC_RECEIVER_NOT_EXPORTED_PERMISSION"
37-->[androidx.core:core:1.13.1] AndroidManifest.xml:23:9-81
38        android:protectionLevel="signature" />
38-->[androidx.core:core:1.13.1] AndroidManifest.xml:24:9-44
39
40    <uses-permission android:name="com.example.food_app_flutter.DYNAMIC_RECEIVER_NOT_EXPORTED_PERMISSION" />
40-->[androidx.core:core:1.13.1] AndroidManifest.xml:26:5-97
40-->[androidx.core:core:1.13.1] AndroidManifest.xml:26:22-94
41
42    <application
43        android:name="android.app.Application"
44        android:appComponentFactory="androidx.core.app.CoreComponentFactory"
44-->[androidx.core:core:1.13.1] AndroidManifest.xml:28:18-86
45        android:debuggable="true"
46        android:extractNativeLibs="true"
47        android:icon="@mipmap/ic_launcher"
48        android:label="food_app_flutter" >
49        <activity
50            android:name="com.example.food_app_flutter.MainActivity"
51            android:configChanges="orientation|keyboardHidden|keyboard|screenSize|smallestScreenSize|locale|layoutDirection|fontScale|screenLayout|density|uiMode"
52            android:exported="true"
53            android:hardwareAccelerated="true"
54            android:launchMode="singleTop"
55            android:taskAffinity=""
56            android:theme="@style/LaunchTheme"
57            android:windowSoftInputMode="adjustResize" >
58
59            <!--
60                 Specifies an Android theme to apply to this Activity as soon as
61                 the Android process has started. This theme is visible to the user
62                 while the Flutter UI initializes. After that, this theme continues
63                 to determine the Window background behind the Flutter UI.
64            -->
65            <meta-data
66                android:name="io.flutter.embedding.android.NormalTheme"
67                android:resource="@style/NormalTheme" />
68
69            <intent-filter>
70                <action android:name="android.intent.action.MAIN" />
71
72                <category android:name="android.intent.category.LAUNCHER" />
73            </intent-filter>
74        </activity>
75        <!--
76             Don't delete the meta-data below.
77             This is used by the Flutter tool to generate GeneratedPluginRegistrant.java
78        -->
79        <meta-data
80            android:name="flutterEmbedding"
81            android:value="2" />
82
83        <provider
83-->[:image_picker_android] AndroidManifest.xml:9:9-17:20
84            android:name="io.flutter.plugins.imagepicker.ImagePickerFileProvider"
84-->[:image_picker_android] AndroidManifest.xml:10:13-82
85            android:authorities="com.example.food_app_flutter.flutter.image_provider"
85-->[:image_picker_android] AndroidManifest.xml:11:13-74
86            android:exported="false"
86-->[:image_picker_android] AndroidManifest.xml:12:13-37
87            android:grantUriPermissions="true" >
87-->[:image_picker_android] AndroidManifest.xml:13:13-47
88            <meta-data
88-->[:image_picker_android] AndroidManifest.xml:14:13-16:75
89                android:name="android.support.FILE_PROVIDER_PATHS"
89-->[:image_picker_android] AndroidManifest.xml:15:17-67
90                android:resource="@xml/flutter_image_picker_file_paths" />
90-->[:image_picker_android] AndroidManifest.xml:16:17-72
91        </provider> <!-- Trigger Google Play services to install the backported photo picker module. -->
92        <service
92-->[:image_picker_android] AndroidManifest.xml:19:9-31:19
93            android:name="com.google.android.gms.metadata.ModuleDependencies"
93-->[:image_picker_android] AndroidManifest.xml:20:13-78
94            android:enabled="false"
94-->[:image_picker_android] AndroidManifest.xml:21:13-36
95            android:exported="false" >
95-->[:image_picker_android] AndroidManifest.xml:22:13-37
96            <intent-filter>
96-->[:image_picker_android] AndroidManifest.xml:24:13-26:29
97                <action android:name="com.google.android.gms.metadata.MODULE_DEPENDENCIES" />
97-->[:image_picker_android] AndroidManifest.xml:25:17-94
97-->[:image_picker_android] AndroidManifest.xml:25:25-91
98            </intent-filter>
99
100            <meta-data
100-->[:image_picker_android] AndroidManifest.xml:28:13-30:36
101                android:name="photopicker_activity:0:required"
101-->[:image_picker_android] AndroidManifest.xml:29:17-63
102                android:value="" />
102-->[:image_picker_android] AndroidManifest.xml:30:17-33
103        </service>
104        <service
104-->[androidx.camera:camera-camera2:1.3.4] AndroidManifest.xml:24:9-33:19
105            android:name="androidx.camera.core.impl.MetadataHolderService"
105-->[androidx.camera:camera-camera2:1.3.4] AndroidManifest.xml:25:13-75
106            android:enabled="false"
106-->[androidx.camera:camera-camera2:1.3.4] AndroidManifest.xml:26:13-36
107            android:exported="false" >
107-->[androidx.camera:camera-camera2:1.3.4] AndroidManifest.xml:27:13-37
108            <meta-data
108-->[androidx.camera:camera-camera2:1.3.4] AndroidManifest.xml:30:13-32:89
109                android:name="androidx.camera.core.impl.MetadataHolderService.DEFAULT_CONFIG_PROVIDER"
109-->[androidx.camera:camera-camera2:1.3.4] AndroidManifest.xml:31:17-103
110                android:value="androidx.camera.camera2.Camera2Config$DefaultProvider" />
110-->[androidx.camera:camera-camera2:1.3.4] AndroidManifest.xml:32:17-86
111        </service>
112
113        <uses-library
113-->[androidx.window:window:1.2.0] AndroidManifest.xml:23:9-25:40
114            android:name="androidx.window.extensions"
114-->[androidx.window:window:1.2.0] AndroidManifest.xml:24:13-54
115            android:required="false" />
115-->[androidx.window:window:1.2.0] AndroidManifest.xml:25:13-37
116        <uses-library
116-->[androidx.window:window:1.2.0] AndroidManifest.xml:26:9-28:40
117            android:name="androidx.window.sidecar"
117-->[androidx.window:window:1.2.0] AndroidManifest.xml:27:13-51
118            android:required="false" />
118-->[androidx.window:window:1.2.0] AndroidManifest.xml:28:13-37
119
120        <provider
120-->[androidx.lifecycle:lifecycle-process:2.7.0] AndroidManifest.xml:24:9-32:20
121            android:name="androidx.startup.InitializationProvider"
121-->[androidx.lifecycle:lifecycle-process:2.7.0] AndroidManifest.xml:25:13-67
122            android:authorities="com.example.food_app_flutter.androidx-startup"
122-->[androidx.lifecycle:lifecycle-process:2.7.0] AndroidManifest.xml:26:13-68
123            android:exported="false" >
123-->[androidx.lifecycle:lifecycle-process:2.7.0] AndroidManifest.xml:27:13-37
124            <meta-data
124-->[androidx.lifecycle:lifecycle-process:2.7.0] AndroidManifest.xml:29:13-31:52
125                android:name="androidx.lifecycle.ProcessLifecycleInitializer"
125-->[androidx.lifecycle:lifecycle-process:2.7.0] AndroidManifest.xml:30:17-78
126                android:value="androidx.startup" />
126-->[androidx.lifecycle:lifecycle-process:2.7.0] AndroidManifest.xml:31:17-49
127            <meta-data
127-->[androidx.profileinstaller:profileinstaller:1.3.1] AndroidManifest.xml:29:13-31:52
128                android:name="androidx.profileinstaller.ProfileInstallerInitializer"
128-->[androidx.profileinstaller:profileinstaller:1.3.1] AndroidManifest.xml:30:17-85
129                android:value="androidx.startup" />
129-->[androidx.profileinstaller:profileinstaller:1.3.1] AndroidManifest.xml:31:17-49
130        </provider>
131
132        <receiver
132-->[androidx.profileinstaller:profileinstaller:1.3.1] AndroidManifest.xml:34:9-52:20
133            android:name="androidx.profileinstaller.ProfileInstallReceiver"
133-->[androidx.profileinstaller:profileinstaller:1.3.1] AndroidManifest.xml:35:13-76
134            android:directBootAware="false"
134-->[androidx.profileinstaller:profileinstaller:1.3.1] AndroidManifest.xml:36:13-44
135            android:enabled="true"
135-->[androidx.profileinstaller:profileinstaller:1.3.1] AndroidManifest.xml:37:13-35
136            android:exported="true"
136-->[androidx.profileinstaller:profileinstaller:1.3.1] AndroidManifest.xml:38:13-36
137            android:permission="android.permission.DUMP" >
137-->[androidx.profileinstaller:profileinstaller:1.3.1] AndroidManifest.xml:39:13-57
138            <intent-filter>
138-->[androidx.profileinstaller:profileinstaller:1.3.1] AndroidManifest.xml:40:13-42:29
139                <action android:name="androidx.profileinstaller.action.INSTALL_PROFILE" />
139-->[androidx.profileinstaller:profileinstaller:1.3.1] AndroidManifest.xml:41:17-91
139-->[androidx.profileinstaller:profileinstaller:1.3.1] AndroidManifest.xml:41:25-88
140            </intent-filter>
141            <intent-filter>
141-->[androidx.profileinstaller:profileinstaller:1.3.1] AndroidManifest.xml:43:13-45:29
142                <action android:name="androidx.profileinstaller.action.SKIP_FILE" />
142-->[androidx.profileinstaller:profileinstaller:1.3.1] AndroidManifest.xml:44:17-85
142-->[androidx.profileinstaller:profileinstaller:1.3.1] AndroidManifest.xml:44:25-82
143            </intent-filter>
144            <intent-filter>
144-->[androidx.profileinstaller:profileinstaller:1.3.1] AndroidManifest.xml:46:13-48:29
145                <action android:name="androidx.profileinstaller.action.SAVE_PROFILE" />
145-->[androidx.profileinstaller:profileinstaller:1.3.1] AndroidManifest.xml:47:17-88
145-->[androidx.profileinstaller:profileinstaller:1.3.1] AndroidManifest.xml:47:25-85
146            </intent-filter>
147            <intent-filter>
147-->[androidx.profileinstaller:profileinstaller:1.3.1] AndroidManifest.xml:49:13-51:29
148                <action android:name="androidx.profileinstaller.action.BENCHMARK_OPERATION" />
148-->[androidx.profileinstaller:profileinstaller:1.3.1] AndroidManifest.xml:50:17-95
148-->[androidx.profileinstaller:profileinstaller:1.3.1] AndroidManifest.xml:50:25-92
149            </intent-filter>
150        </receiver>
151    </application>
152
153</manifest>